[siliconmadeacademy.com/index.html]
[cdn.jsdelivr.net/npm/bootstrap@5.2.0-beta1/dist/css/bootstrap.min.css]
[backblue.gif]
[fade.gif]
[index.html]
[connect.facebook.net/en_US/fbevents.js]
[siliconmadeacademy.com/img/logo.png]
[siliconmadeacademy.com/img/bg_banner_1920x510_sbg_banner_1920x510_021122_versiyon.png]
[siliconmadeacademy.com/img/t1.png]
[siliconmadeacademy.com/img/t2.png]
[siliconmadeacademy.com/img/t3.png]
[siliconmadeacademy.com/img/t4.png]
[siliconmadeacademy.com/img/ok-1.png]
[siliconmadeacademy.com/img/t5.png]
[siliconmadeacademy.com/img/t6.png]
[siliconmadeacademy.com/img/network-1.jpg]
[siliconmadeacademy.com/img/cl1.png]
[siliconmadeacademy.com/img/cl2.png]
[siliconmadeacademy.com/img/cl3.png]
[siliconmadeacademy.com/img/cl4.png]
[siliconmadeacademy.com/img/mentorluk.jpg]
[siliconmadeacademy.com/img/mentor_Atilla_Daci.jpg]
[siliconmadeacademy.com/img/mentor01.jpg]
[siliconmadeacademy.com/img/mentor_Cem_Menase.jpg]
[siliconmadeacademy.com/img/mentor03.jpg]
[siliconmadeacademy.com/img/mentor_Tan_Ozaslan.jpg]
[siliconmadeacademy.com/img/mentor07.jpg]
[siliconmadeacademy.com/img/mentor_Ulas_Karademir.jpg]
[siliconmadeacademy.com/img/mentor_Baris_Dincer.jpg]
[siliconmadeacademy.com/img/mentor_Bora_Gonul.jpg]
[siliconmadeacademy.com/img/mentor_Emre_Yazici.jpg]
[siliconmadeacademy.com/img/mentor_Ferhat_ dikbiyik.jpg]
[siliconmadeacademy.com/img/mentor_Firat_Baris_ Kavlak.jpg]
[siliconmadeacademy.com/img/mentor_Hakan_Erdogan.jpg]
[siliconmadeacademy.com/img/mentor04.jpg]
[siliconmadeacademy.com/img/mentor_Minhac_Celik.jpg]
[siliconmadeacademy.com/img/mentor05.jpg]
[siliconmadeacademy.com/img/mentor_Murat_Polat.jpg]
[siliconmadeacademy.com/img/mentor_Nadir_Kumbasar.jpg]
[siliconmadeacademy.com/img/mentor06.jpg]
[siliconmadeacademy.com/img/mentor_Secil_Arslan.jpg]
[siliconmadeacademy.com/img/mentor_Tolga_Silivri.jpg]
[siliconmadeacademy.com/img/mentor_Tolgay_Hickiran.jpg]
[siliconmadeacademy.com/img/mentor_Ugur_Arici.jpg]
[siliconmadeacademy.com/img/mentor08.jpg]
[siliconmadeacademy.com/img/basvuru.jpg]
[siliconmadeacademy.com/img/discount10.png]
[siliconmadeacademy.com/img/discount/discount15.png]
[siliconmadeacademy.com/img/discount20.png]
[siliconmadeacademy.com/img/c.png]
[siliconmadeacademy.com/img/iyzico-logo.png]
[siliconmadeacademy.com/img/whatsapp.png]
[siliconmadeacademy.com/plugins/lazyframe.min.js]
[siliconmadeacademy.com/plugins/jquery-3.6.0.min.js]
[siliconmadeacademy.com/plugins/owl.carousel.minb334.js]
[cdn.jsdelivr.net/npm/bootstrap@5.2.0-beta1/dist/js/bootstrap.bundle.min.js]
[cdnjs.cloudflare.com/ajax/libs/lazysizes/5.3.2/lazysizes.min.js]
[siliconmadeacademy.com/index.html]
[cdn.jsdelivr.net/npm/bootstrap@5.2.0-beta1/dist/css/bootstrap.min.css]
[siliconmadeacademy.com/plugins/lazyframe.css]
[siliconmadeacademy.com/plugins/owl.carousel.min.css]
[siliconmadeacademy.com/img/nasil.jpg]
[siliconmadeacademy.com/css/theme.min686d.css]
[www.googletagmanager.com/gtm5445.html]
[siliconmadeacademy.com/index-2.html]
[connect.facebook.net/en_US/fbevents.js]
[siliconmadeacademy.com/neden-variz.html]
[siliconmadeacademy.com/network.html]
[siliconmadeacademy.com/egitim-yolculugu.html]
[siliconmadeacademy.com/img/mobil-10-aralik-1024x1024.png]
[siliconmadeacademy.com/img/yapay-zeka-post-8-ekim-1024x1024.jpg]
[kit.fontawesome.com/8d57a3b73a.js]
[siliconmadeacademy.com/img/unity_v2.png]
[siliconmadeacademy.com/img/yapay-zeka-post-26-subat-1024x1024.jpg]
[siliconmadeacademy.com/diger-egitimler.html]
[siliconmadeacademy.com/img/page_bgr.jpg]
[siliconmadeacademy.com/faq.html]
[siliconmadeacademy.com/duyurular.html]
[cdnjs.cloudflare.com/ajax/libs/font-awesome/4.7.0/css/font-awesome.min.css]
[siliconmadeacademy.com/img/egitmen_NazSimsek.jpg]
[siliconmadeacademy.com/img/egitmen_MuruvvetKurt.jpg]
[siliconmadeacademy.com/img/egitmen_TufanGungor.jpg]
[siliconmadeacademy.com/img/egitmen_YunusEmreAltanay.jpg]
[siliconmadeacademy.com/goldenmade-egitim-programi.html]
[siliconmadeacademy.com/platinummade-egitim-programi-mvc.html]
[siliconmadeacademy.com/siliconhead-lider-yazilim-uzmanligi.html]
[siliconmadeacademy.com/img/bg_staj.png]
[siliconmadeacademy.com/staj.html]
[siliconmadeacademy.com/mesafeli-satis-sozlesmesi.html]
[siliconmadeacademy.com/on-bilgilendirme-formu.html]
[siliconmadeacademy.com/kvkk.html]
[siliconmadeacademy.com/gizlilik-ve-cerez-politikasi.html]
[siliconmadeacademy.com/sirket-bilgileri.html]
[siliconmadeacademy.com/plugins/owl.video.play.html]
[siliconmadeacademy.com/c.html]
[siliconmadeacademy.com/b.html]
[siliconmadeacademy.com/POST.html]
[siliconmadeacademy.com/css/theme.min.css]
[siliconmadeacademy.com/css/page.min.css]
[siliconmadeacademy.com/css/page.css]
[siliconmadeacademy.com/siliconmade-ileri-full-stack.html]
[siliconmadeacademy.com/img/egitmen_TahaFurkanSekerci.jpg]
[siliconmadeacademy.com/siliconmade-egitim-programi-yapay-zeka.html]
[siliconmadeacademy.com/img/bg_oyun_gelistirme_banner.png]
[siliconmadeacademy.com/img/egitmen_UzayAdiguzel.jpg]
[siliconmadeacademy.com/siliconmade-egitim-programi-oyun-gelistirme.html]
[siliconmadeacademy.com/img/bg_mobil_10_Aralik.png]
[siliconmadeacademy.com/img/egitmen_ZaferAyan.jpg]
[siliconmadeacademy.com/siliconmade-egitim-programi-mobil.html]
[siliconmadeacademy.com/siliconmade-egitim-programi-siber-guvenlik.html]
[siliconmadeacademy.com/css/theme.minc0eb.css]
[siliconmadeacademy.com/css/page.minc0eb.css]
[siliconmadeacademy.com/egitim-programi-mobil.html]
[siliconmadeacademy.com/img/bg_yapayzeka_8_ekim_1600x445.jpg]
[siliconmadeacademy.com/egitim-programi-yapay-zeka.html]
[siliconmadeacademy.com/egitim-programi-oyun-gelistirme.html]
[siliconmadeacademy.com/css/theme.mina6ee.css]
[siliconmadeacademy.com/08-ekim-burs-sinavi-sonuclari-aciklandi.html]
[siliconmadeacademy.com/08-ekim-2022-burs-sinavi.html]
[siliconmadeacademy.com/13-agustos-burs-sinavi-sonuclari-aciklandi.html]
[siliconmadeacademy.com/28-mayis-burs-sinavi-sonuclari-aciklandi.html]
[siliconmadeacademy.com/26-mart-burs-sinavi-sonuclari-aciklandi.html]
[siliconmadeacademy.com/25-aralik-burs-sinavi-sonuclari-aciklandi.html]
[siliconmadeacademy.com/6-kasim-burs-sinavi-sonuclari-aciklandi.html]
[siliconmadeacademy.com/img/2021_12_10_burs_01k.png]
[siliconmadeacademy.com/25-aralik-2021-burs-sinavi.html]
[siliconmadeacademy.com/img/burs-min.jpg]
[siliconmadeacademy.com/06-kasim-2021-burs-sinavi.html]
[siliconmadeacademy.com/29-agustos-burs-sinavi-sonuclari-aciklandi.html]
[siliconmadeacademy.com/img/29agustos-1024x1024.jpg]
[siliconmadeacademy.com/29-agustos-burs-sinavi-temel-yazilim-gelistirme-egitimi.html]
[siliconmadeacademy.com/img/IMG_9611-1024x794.jpg]
[siliconmadeacademy.com/8-agustos-burs-sinavi-sonuclari-aciklandi.html]
[siliconmadeacademy.com/img/burs_sinavi-1024x1021.png]
[siliconmadeacademy.com/8-agustos-burs-sinavi-temel-yazilim-gelistirme-egitimi.html]
[siliconmadeacademy.com/27-temmuz-burs-sınavi-sonuclari-aciklandi.html]
[cdnjs.cloudflare.com/ajax/libs/font-awesome/4.7.0/css/font-awesome.min.css]
[siliconmadeacademy.com/css/page.min6b66.css]
[siliconmadeacademy.com/css/page.min7e51.css]
[siliconmadeacademy.com/img/bg_lider_yazilim_uzmanliği.html]
[siliconmadeacademy.com/kisisel-verileri-saklama-ve-imha-politikasi.html]
[siliconmadeacademy.com/kisisel-verilerin-islenmesi-ve-korunmasi-politikasi.html]
[siliconmadeacademy.com/veri-sorumlusuna-basvuru-formu.html]
[siliconmadeacademy.com/css/theme.minbf0c.css]
[siliconmadeacademy.com/css/theme.min1b4c.css]
[siliconmadeacademy.com/img/egitmen_EmreYazıcı.html]
[siliconmadeacademy.com/css/page.min29c9.css]
[siliconmadeacademy.com/img/egitmen_AltugIsıgan.html]
[siliconmadeacademy.com/img/egitmen_TolgayHickıran.html]
[siliconmadeacademy.com/css/page.min76df.css]
[siliconmadeacademy.com/img/bg_siber-güvenlik.html]
[siliconmadeacademy.com/css/theme.min7966.css]
[siliconmadeacademy.com/css/theme.min0ea5.css]
[siliconmadeacademy.com/img/bg_unity_1600×445.html]
[siliconmadeacademy.com/css/page.mind4e6.css]
[siliconmadeacademy.com/img/burs-sınav-duyuru-ekim2022-1600x1406.html]
